<?xml version="1.0" encoding="UTF-8"?>
<!-- Generated by org.testng.reporters.JUnitXMLReporter -->
<testsuite ignored="0" hostname="DESKTOP-QR6851A" failures="0" tests="3" name="Default test" time="0.087" errors="0" timestamp="2023-02-24T17:58:33 IST">
  <testcase classname="org.testng.challenge2suite" name="tc51" time="0.013"/>
  <testcase classname="org.testng.challenge2suite" name="tc52" time="0.002"/>
  <testcase classname="org.testng.challenge2suite" name="tc53" time="0.003"/>
</testsuite> <!-- Default test -->
