<?xml version="1.0" encoding="UTF-8"?>
<!-- Generated by org.testng.reporters.JUnitXMLReporter -->
<testsuite ignored="0" hostname="DESKTOP-QR6851A" failures="0" tests="6" name="Test" time="0.086" errors="0" timestamp="2023-02-24T18:00:07 IST">
  <testcase classname="org.testng.C" name="tc10" time="0.008"/>
  <testcase classname="org.testng.C" name="tc12" time="0.002"/>
  <testcase classname="org.testng.D" name="tc20" time="0.002"/>
  <testcase classname="org.testng.challenge2suite" name="tc51" time="0.001"/>
  <testcase classname="org.testng.challenge2suite" name="tc52" time="0.004"/>
  <testcase classname="org.testng.challenge2suite" name="tc53" time="0.002"/>
</testsuite> <!-- Test -->
